2018-08-17 17:56:28.174 [http-nio-8080-exec-6] ERROR com.imooc.o2o.web.superadmin.AreaController - test error!
2018-08-17 17:59:53.021 [http-nio-8080-exec-2] ERROR com.imooc.o2o.web.superadmin.AreaController - test error!
2018-08-17 18:00:00.025 [http-nio-8080-exec-5] ERROR com.imooc.o2o.web.superadmin.AreaController - test error!
2018-08-17 18:00:09.294 [http-nio-8080-exec-5] ERROR com.imooc.o2o.web.superadmin.AreaController - test error!
2018-08-17 18:00:23.986 [http-nio-8080-exec-9] ERROR com.imooc.o2o.web.superadmin.AreaController - test error!
2018-08-17 18:02:41.202 [http-nio-8080-exec-2] ERROR com.imooc.o2o.web.superadmin.AreaController - test error!
2018-08-17 18:02:58.563 [http-nio-8080-exec-7] ERROR com.imooc.o2o.web.superadmin.AreaController - test error!
2018-08-17 18:26:31.243 [http-nio-8080-exec-9] ERROR com.imooc.o2o.web.superadmin.AreaController - test error!
2018-09-21 21:51:12.342 [http-nio-80-exec-10] ERROR com.imooc.o2o.util.wechat.WechatUtil - 获取用户accessToken失败: Unrecognized field "errcode" (class com.imooc.o2o.dto.UserAccessToken), not marked as ignorable (5 known properties: "expires_in", "scope", "refresh_token", "access_token", "openid"])
 at [Source: (String)"{"errcode":40029,"errmsg":"invalid code, hints: [ req_id: nqtNya0785hb41 ]"}"; line: 1, column: 17] (through reference chain: com.imooc.o2o.dto.UserAccessToken["errcode"])
2018-09-21 21:51:13.098 [http-nio-80-exec-10] ERROR com.imooc.o2o.util.wechat.WechatUtil - 获取用户信息失败: Unrecognized field "errcode" (class com.imooc.o2o.dto.WechatUser), not marked as ignorable (9 known properties: "province", "privilege", "openid", "sex", "language", "city", "headimgurl", "nickname", "country"])
 at [Source: (String)"{"errcode":40001,"errmsg":"invalid credential, access_token is invalid or not latest, hints: [ req_id: Mr.Gia07862069 ]"}"; line: 1, column: 17] (through reference chain: com.imooc.o2o.dto.WechatUser["errcode"])
2018-09-21 21:51:48.574 [http-nio-80-exec-4] ERROR com.imooc.o2o.util.wechat.WechatUtil - 获取用户accessToken失败: Unrecognized field "errcode" (class com.imooc.o2o.dto.UserAccessToken), not marked as ignorable (5 known properties: "expires_in", "scope", "refresh_token", "access_token", "openid"])
 at [Source: (String)"{"errcode":40029,"errmsg":"invalid code, hints: [ req_id: kc0Iqa0821sha1 ]"}"; line: 1, column: 17] (through reference chain: com.imooc.o2o.dto.UserAccessToken["errcode"])
2018-09-21 21:51:49.497 [http-nio-80-exec-4] ERROR com.imooc.o2o.util.wechat.WechatUtil - 获取用户信息失败: Unrecognized field "errcode" (class com.imooc.o2o.dto.WechatUser), not marked as ignorable (9 known properties: "province", "privilege", "openid", "sex", "language", "city", "headimgurl", "nickname", "country"])
 at [Source: (String)"{"errcode":40001,"errmsg":"invalid credential, access_token is invalid or not latest, hints: [ req_id: QWi8FA08223933 ]"}"; line: 1, column: 17] (through reference chain: com.imooc.o2o.dto.WechatUser["errcode"])
2018-09-21 21:51:49.695 [http-nio-80-exec-3] ERROR com.imooc.o2o.util.wechat.WechatUtil - 获取用户accessToken失败: Unrecognized field "errcode" (class com.imooc.o2o.dto.UserAccessToken), not marked as ignorable (5 known properties: "expires_in", "scope", "refresh_token", "access_token", "openid"])
 at [Source: (String)"{"errcode":40163,"errmsg":"code been used, hints: [ req_id: MeG0822hc59 ]"}"; line: 1, column: 17] (through reference chain: com.imooc.o2o.dto.UserAccessToken["errcode"])
2018-09-21 21:51:50.012 [http-nio-80-exec-3] ERROR com.imooc.o2o.util.wechat.WechatUtil - 获取用户信息失败: Unrecognized field "errcode" (class com.imooc.o2o.dto.WechatUser), not marked as ignorable (9 known properties: "province", "privilege", "openid", "sex", "language", "city", "headimgurl", "nickname", "country"])
 at [Source: (String)"{"errcode":40001,"errmsg":"invalid credential, access_token is invalid or not latest, hints: [ req_id: f08232380 ]"}"; line: 1, column: 17] (through reference chain: com.imooc.o2o.dto.WechatUser["errcode"])
2018-09-21 21:52:36.819 [http-nio-80-exec-1] ERROR com.imooc.o2o.util.wechat.WechatUtil - 获取用户accessToken失败: Unrecognized field "errcode" (class com.imooc.o2o.dto.UserAccessToken), not marked as ignorable (5 known properties: "expires_in", "scope", "refresh_token", "access_token", "openid"])
 at [Source: (String)"{"errcode":40163,"errmsg":"code been used, hints: [ req_id: ZcX550869hb39 ]"}"; line: 1, column: 17] (through reference chain: com.imooc.o2o.dto.UserAccessToken["errcode"])
2018-09-21 21:52:37.139 [http-nio-80-exec-1] ERROR com.imooc.o2o.util.wechat.WechatUtil - 获取用户信息失败: Unrecognized field "errcode" (class com.imooc.o2o.dto.WechatUser), not marked as ignorable (9 known properties: "province", "privilege", "openid", "sex", "language", "city", "headimgurl", "nickname", "country"])
 at [Source: (String)"{"errcode":40001,"errmsg":"invalid credential, access_token is invalid or not latest, hints: [ req_id: TAF.08702156 ]"}"; line: 1, column: 17] (through reference chain: com.imooc.o2o.dto.WechatUser["errcode"])
2018-09-21 21:56:35.102 [http-nio-80-exec-3] ERROR com.imooc.o2o.util.wechat.WechatUtil - 获取用户accessToken失败: Unrecognized field "errcode" (class com.imooc.o2o.dto.UserAccessToken), not marked as ignorable (5 known properties: "expires_in", "scope", "refresh_token", "access_token", "openid"])
 at [Source: (String)"{"errcode":40163,"errmsg":"code been used, hints: [ req_id: YHeb1a01082016 ]"}"; line: 1, column: 17] (through reference chain: com.imooc.o2o.dto.UserAccessToken["errcode"])
2018-09-21 21:56:35.333 [http-nio-80-exec-3] ERROR com.imooc.o2o.util.wechat.WechatUtil - 获取用户信息失败: Unrecognized field "errcode" (class com.imooc.o2o.dto.WechatUser), not marked as ignorable (9 known properties: "province", "privilege", "openid", "sex", "language", "city", "headimgurl", "nickname", "country"])
 at [Source: (String)"{"errcode":40001,"errmsg":"invalid credential, access_token is invalid or not latest, hints: [ req_id: K1T0601082379 ]"}"; line: 1, column: 17] (through reference chain: com.imooc.o2o.dto.WechatUser["errcode"])
2018-09-21 21:56:52.966 [http-nio-80-exec-4] ERROR com.imooc.o2o.util.wechat.WechatUtil - 获取用户accessToken失败: Unrecognized field "errcode" (class com.imooc.o2o.dto.UserAccessToken), not marked as ignorable (5 known properties: "expires_in", "scope", "refresh_token", "access_token", "openid"])
 at [Source: (String)"{"errcode":40163,"errmsg":"code been used, hints: [ req_id: thO0ka01264108 ]"}"; line: 1, column: 17] (through reference chain: com.imooc.o2o.dto.UserAccessToken["errcode"])
2018-09-21 21:56:53.227 [http-nio-80-exec-4] ERROR com.imooc.o2o.util.wechat.WechatUtil - 获取用户信息失败: Unrecognized field "errcode" (class com.imooc.o2o.dto.WechatUser), not marked as ignorable (9 known properties: "province", "privilege", "openid", "sex", "language", "city", "headimgurl", "nickname", "country"])
 at [Source: (String)"{"errcode":40001,"errmsg":"invalid credential, access_token is invalid or not latest, hints: [ req_id: 01262271 ]"}"; line: 1, column: 17] (through reference chain: com.imooc.o2o.dto.WechatUser["errcode"])
