2018-09-21 13:37:31.906 [main] INFO  com.imooc.o2o.O2oApplication - Starting O2oApplication on DESKTOP-Q09IML0 with PID 10104 (C:\Users\dell\Desktop\o2o(4)\o2o\target\classes started by dell in C:\Users\dell\Desktop\o2o(4)\o2o)
2018-09-21 13:37:32.008 [main] INFO  com.imooc.o2o.O2oApplication - No active profile set, falling back to default profiles: default
2018-09-21 13:37:47.098 [main] INFO  com.imooc.o2o.O2oApplication - Started O2oApplication in 15.934 seconds (JVM running for 17.373)
2018-09-21 13:39:53.553 [main] INFO  com.imooc.o2o.O2oApplication - Starting O2oApplication on DESKTOP-Q09IML0 with PID 8780 (C:\Users\dell\Desktop\o2o(4)\o2o\target\classes started by dell in C:\Users\dell\Desktop\o2o(4)\o2o)
2018-09-21 13:39:53.565 [main] INFO  com.imooc.o2o.O2oApplication - No active profile set, falling back to default profiles: default
2018-09-21 13:40:04.348 [main] INFO  com.imooc.o2o.O2oApplication - Started O2oApplication in 11.84 seconds (JVM running for 14.03)
2018-09-21 14:12:34.674 [main] INFO  com.imooc.o2o.O2oApplication - Starting O2oApplication on DESKTOP-Q09IML0 with PID 544 (C:\Users\dell\Desktop\o2o(4)\o2o\target\classes started by dell in C:\Users\dell\Desktop\o2o(4)\o2o)
2018-09-21 14:12:34.697 [main] INFO  com.imooc.o2o.O2oApplication - No active profile set, falling back to default profiles: default
2018-09-21 14:13:00.171 [main] INFO  com.imooc.o2o.O2oApplication - Started O2oApplication in 27.099 seconds (JVM running for 30.016)
2018-09-21 14:14:39.550 [http-nio-8088-exec-4] INFO  com.imooc.o2o.util.ShortNetAddressUtil - response string: {"status":0,"tinyurl":"http://dwz.cn/KLYTGobr","longurl":"https://open.weixin.qq.com/connect/oauth2/authorize?appid=wx05229fd90deab240\u0026redirect_uri=http://o2o.twoshop.top/o2o/shopadmin/adduserproductmap\u0026response_type=code\u0026scope=snsapi_userinfo\u0026state=%7BaaaproductIdaaa%3A10%2CaaacustomerIdaaa%3A8%2CaaacreateTimeaaa%3A1537510479116%7D#wechat_redirect","err_msg":""}
2018-09-21 14:14:39.562 [http-nio-8088-exec-4] INFO  com.imooc.o2o.util.ShortNetAddressUtil - tinyurl: http://dwz.cn/KLYTGobr
2018-09-21 14:16:16.708 [http-nio-8088-exec-1] INFO  com.imooc.o2o.util.ShortNetAddressUtil - response string: {"status":0,"tinyurl":"http://dwz.cn/CNfJb2kG","longurl":"https://open.weixin.qq.com/connect/oauth2/authorize?appid=wx05229fd90deab240\u0026redirect_uri=http://o2o.twoshop.top/o2o/shopadmin/addshopauthmap\u0026response_type=code\u0026scope=snsapi_userinfo\u0026state=%7BaaashopIdaaa%3A20%2CaaacreateTimeaaa%3A1537510576434%7D#wechat_redirect","err_msg":""}
2018-09-21 14:16:16.709 [http-nio-8088-exec-1] INFO  com.imooc.o2o.util.ShortNetAddressUtil - tinyurl: http://dwz.cn/CNfJb2kG
2018-09-21 15:36:12.513 [main] INFO  com.imooc.o2o.O2oApplication - Starting O2oApplication on DESKTOP-Q09IML0 with PID 3484 (C:\Users\dell\Desktop\o2o(4)\o2o\target\classes started by dell in C:\Users\dell\Desktop\o2o(4)\o2o)
2018-09-21 15:36:12.562 [main] INFO  com.imooc.o2o.O2oApplication - No active profile set, falling back to default profiles: default
2018-09-21 15:37:12.076 [main] INFO  com.imooc.o2o.O2oApplication - Started O2oApplication in 60.561 seconds (JVM running for 67.623)
2018-09-21 16:08:30.266 [main] INFO  com.imooc.o2o.O2oApplication - Starting O2oApplication on DESKTOP-Q09IML0 with PID 14992 (C:\Users\dell\Desktop\o2o(4)\o2o\target\classes started by dell in C:\Users\dell\Desktop\o2o(4)\o2o)
2018-09-21 16:08:30.340 [main] INFO  com.imooc.o2o.O2oApplication - No active profile set, falling back to default profiles: default
2018-09-21 16:08:57.035 [main] INFO  com.imooc.o2o.O2oApplication - Started O2oApplication in 29.322 seconds (JVM running for 36.146)
2018-09-21 16:12:38.068 [http-nio-80-exec-2] INFO  com.imooc.o2o.util.ShortNetAddressUtil - response string: {"status":0,"tinyurl":"http://dwz.cn/N6IfILcv","longurl":"https://open.weixin.qq.com/connect/oauth2/authorize?appid=wx05229fd90deab240\u0026redirect_uri=http://o2o.nat300.top/o2o/shopadmin/addshopauthmap\u0026response_type=code\u0026scope=snsapi_userinfo\u0026state=%7BaaashopIdaaa%3A20%2CaaacreateTimeaaa%3A1537517557589%7D#wechat_redirect","err_msg":""}
2018-09-21 16:12:38.078 [http-nio-80-exec-2] INFO  com.imooc.o2o.util.ShortNetAddressUtil - tinyurl: http://dwz.cn/N6IfILcv
2018-09-21 16:13:55.677 [http-nio-80-exec-9] INFO  com.imooc.o2o.util.ShortNetAddressUtil - response string: {"status":0,"tinyurl":"http://dwz.cn/Z6PNB9QQ","longurl":"https://open.weixin.qq.com/connect/oauth2/authorize?appid=wx05229fd90deab240\u0026redirect_uri=http://o2o.nat300.top/o2o/shopadmin/adduserproductmap\u0026response_type=code\u0026scope=snsapi_userinfo\u0026state=%7BaaaproductIdaaa%3A10%2CaaacustomerIdaaa%3A8%2CaaacreateTimeaaa%3A1537517635567%7D#wechat_redirect","err_msg":""}
2018-09-21 16:13:55.677 [http-nio-80-exec-9] INFO  com.imooc.o2o.util.ShortNetAddressUtil - tinyurl: http://dwz.cn/Z6PNB9QQ
2018-09-21 16:17:50.337 [http-nio-80-exec-2] INFO  com.imooc.o2o.util.ShortNetAddressUtil - response string: {"status":0,"tinyurl":"http://dwz.cn/RQ0av6x6","longurl":"https://open.weixin.qq.com/connect/oauth2/authorize?appid=wx05229fd90deab240\u0026redirect_uri=http://o2o.nat300.top/o2o/shopadmin/adduserproductmap\u0026response_type=code\u0026scope=snsapi_userinfo\u0026state=%7BaaaproductIdaaa%3A10%2CaaacustomerIdaaa%3A8%2CaaacreateTimeaaa%3A1537517870141%7D#wechat_redirect","err_msg":""}
2018-09-21 16:17:50.339 [http-nio-80-exec-2] INFO  com.imooc.o2o.util.ShortNetAddressUtil - tinyurl: http://dwz.cn/RQ0av6x6
2018-09-21 16:27:58.731 [main] INFO  com.imooc.o2o.O2oApplication - Starting O2oApplication on DESKTOP-Q09IML0 with PID 14620 (C:\Users\dell\Desktop\o2o(4)\o2o\target\classes started by dell in C:\Users\dell\Desktop\o2o(4)\o2o)
2018-09-21 16:27:58.741 [main] INFO  com.imooc.o2o.O2oApplication - No active profile set, falling back to default profiles: default
2018-09-21 16:28:19.027 [main] INFO  com.imooc.o2o.O2oApplication - Started O2oApplication in 21.206 seconds (JVM running for 22.842)
2018-09-21 16:31:10.499 [http-nio-80-exec-4] INFO  com.imooc.o2o.util.ShortNetAddressUtil - response string: {"status":0,"tinyurl":"http://dwz.cn/SGuewDFz","longurl":"https://open.weixin.qq.com/connect/oauth2/authorize?appid=wx05229fd90deab240\u0026redirect_uri=http://o2o.nat300.top/o2o/shopadmin/adduserproductmap\u0026response_type=code\u0026scope=snsapi_userinfo\u0026state=%7BaaaproductIdaaa%3A10%2CaaacustomerIdaaa%3A8%2CaaacreateTimeaaa%3A1537518670113%7D#wechat_redirect","err_msg":""}
2018-09-21 16:31:10.510 [http-nio-80-exec-4] INFO  com.imooc.o2o.util.ShortNetAddressUtil - tinyurl: http://dwz.cn/SGuewDFz
2018-09-21 16:31:51.860 [http-nio-80-exec-3] INFO  com.imooc.o2o.util.ShortNetAddressUtil - response string: {"status":0,"tinyurl":"http://dwz.cn/ETs5ZVgN","longurl":"https://open.weixin.qq.com/connect/oauth2/authorize?appid=wx05229fd90deab240\u0026redirect_uri=http://o2o.nat300.top/o2o/shopadmin/exchangeaward\u0026response_type=code\u0026scope=snsapi_userinfo\u0026state=%7BaaauserAwardIdaaa%3A10%2CaaacustomerIdaaa%3A8%2CaaacreateTimeaaa%3A1537518711739%7D#wechat_redirect","err_msg":""}
2018-09-21 16:31:51.860 [http-nio-80-exec-3] INFO  com.imooc.o2o.util.ShortNetAddressUtil - tinyurl: http://dwz.cn/ETs5ZVgN
2018-09-21 16:36:00.416 [http-nio-80-exec-7] INFO  com.imooc.o2o.util.ShortNetAddressUtil - response string: {"status":0,"tinyurl":"http://dwz.cn/JTVXIcd8","longurl":"https://open.weixin.qq.com/connect/oauth2/authorize?appid=wx05229fd90deab240\u0026redirect_uri=http://o2o.nat300.top/o2o/shopadmin/exchangeaward\u0026response_type=code\u0026scope=snsapi_userinfo\u0026state=%7BaaauserAwardIdaaa%3A9%2CaaacustomerIdaaa%3A8%2CaaacreateTimeaaa%3A1537518960211%7D#wechat_redirect","err_msg":""}
2018-09-21 16:36:00.417 [http-nio-80-exec-7] INFO  com.imooc.o2o.util.ShortNetAddressUtil - tinyurl: http://dwz.cn/JTVXIcd8
2018-09-21 16:43:32.206 [main] INFO  com.imooc.o2o.O2oApplication - Starting O2oApplication on DESKTOP-Q09IML0 with PID 6172 (C:\Users\dell\Desktop\o2o(4)\o2o\target\classes started by dell in C:\Users\dell\Desktop\o2o(4)\o2o)
2018-09-21 16:43:32.218 [main] INFO  com.imooc.o2o.O2oApplication - No active profile set, falling back to default profiles: default
2018-09-21 16:43:52.389 [main] INFO  com.imooc.o2o.O2oApplication - Started O2oApplication in 20.966 seconds (JVM running for 22.455)
2018-09-21 16:45:13.456 [http-nio-80-exec-3] INFO  com.imooc.o2o.util.ShortNetAddressUtil - response string: {"status":0,"tinyurl":"http://dwz.cn/mVg2AoQj","longurl":"https://open.weixin.qq.com/connect/oauth2/authorize?appid=wx05229fd90deab240\u0026redirect_uri=http://o2o.nat300.top/o2o/shopadmin/adduserproductmap\u0026response_type=code\u0026scope=snsapi_userinfo\u0026state=%7BaaaproductIdaaa%3A10%2CaaacustomerIdaaa%3A8%2CaaacreateTimeaaa%3A1537519513250%7D#wechat_redirect","err_msg":""}
2018-09-21 16:45:13.464 [http-nio-80-exec-3] INFO  com.imooc.o2o.util.ShortNetAddressUtil - tinyurl: http://dwz.cn/mVg2AoQj
2018-09-21 16:46:11.807 [http-nio-80-exec-4] INFO  com.imooc.o2o.util.ShortNetAddressUtil - response string: {"status":0,"tinyurl":"http://dwz.cn/YU3kHwV0","longurl":"https://open.weixin.qq.com/connect/oauth2/authorize?appid=wx05229fd90deab240\u0026redirect_uri=http://o2o.nat300.top/o2o/shopadmin/addshopauthmap\u0026response_type=code\u0026scope=snsapi_userinfo\u0026state=%7BaaashopIdaaa%3A20%2CaaacreateTimeaaa%3A1537519571630%7D#wechat_redirect","err_msg":""}
2018-09-21 16:46:11.808 [http-nio-80-exec-4] INFO  com.imooc.o2o.util.ShortNetAddressUtil - tinyurl: http://dwz.cn/YU3kHwV0
2018-09-21 16:46:25.017 [http-nio-80-exec-1] INFO  com.imooc.o2o.util.ShortNetAddressUtil - response string: {"status":0,"tinyurl":"http://dwz.cn/InYLKuUC","longurl":"https://open.weixin.qq.com/connect/oauth2/authorize?appid=wx05229fd90deab240\u0026redirect_uri=http://o2o.nat300.top/o2o/shopadmin/addshopauthmap\u0026response_type=code\u0026scope=snsapi_userinfo\u0026state=%7BaaashopIdaaa%3A20%2CaaacreateTimeaaa%3A1537519584846%7D#wechat_redirect","err_msg":""}
2018-09-21 16:46:25.018 [http-nio-80-exec-1] INFO  com.imooc.o2o.util.ShortNetAddressUtil - tinyurl: http://dwz.cn/InYLKuUC
2018-09-21 16:46:31.623 [http-nio-80-exec-3] INFO  com.imooc.o2o.util.ShortNetAddressUtil - response string: {"status":0,"tinyurl":"http://dwz.cn/B0LuizbA","longurl":"https://open.weixin.qq.com/connect/oauth2/authorize?appid=wx05229fd90deab240\u0026redirect_uri=http://o2o.nat300.top/o2o/shopadmin/addshopauthmap\u0026response_type=code\u0026scope=snsapi_userinfo\u0026state=%7BaaashopIdaaa%3A20%2CaaacreateTimeaaa%3A1537519591415%7D#wechat_redirect","err_msg":""}
2018-09-21 16:46:31.624 [http-nio-80-exec-3] INFO  com.imooc.o2o.util.ShortNetAddressUtil - tinyurl: http://dwz.cn/B0LuizbA
2018-09-21 16:46:32.893 [http-nio-80-exec-2] INFO  com.imooc.o2o.util.ShortNetAddressUtil - response string: {"status":0,"tinyurl":"http://dwz.cn/xKtoTViC","longurl":"https://open.weixin.qq.com/connect/oauth2/authorize?appid=wx05229fd90deab240\u0026redirect_uri=http://o2o.nat300.top/o2o/shopadmin/addshopauthmap\u0026response_type=code\u0026scope=snsapi_userinfo\u0026state=%7BaaashopIdaaa%3A20%2CaaacreateTimeaaa%3A1537519592692%7D#wechat_redirect","err_msg":""}
2018-09-21 16:46:32.894 [http-nio-80-exec-2] INFO  com.imooc.o2o.util.ShortNetAddressUtil - tinyurl: http://dwz.cn/xKtoTViC
2018-09-21 16:46:43.911 [http-nio-80-exec-3] INFO  com.imooc.o2o.util.ShortNetAddressUtil - response string: {"status":0,"tinyurl":"http://dwz.cn/r9tp1PaI","longurl":"https://open.weixin.qq.com/connect/oauth2/authorize?appid=wx05229fd90deab240\u0026redirect_uri=http://o2o.nat300.top/o2o/shopadmin/adduserproductmap\u0026response_type=code\u0026scope=snsapi_userinfo\u0026state=%7BaaaproductIdaaa%3A10%2CaaacustomerIdaaa%3A8%2CaaacreateTimeaaa%3A1537519603802%7D#wechat_redirect","err_msg":""}
2018-09-21 16:46:43.912 [http-nio-80-exec-3] INFO  com.imooc.o2o.util.ShortNetAddressUtil - tinyurl: http://dwz.cn/r9tp1PaI
2018-09-21 21:49:57.609 [main] INFO  com.imooc.o2o.O2oApplication - Starting O2oApplication on DESKTOP-Q09IML0 with PID 9376 (C:\Users\dell\Desktop\o2o(4)\o2o\target\classes started by dell in C:\Users\dell\Desktop\o2o(4)\o2o)
2018-09-21 21:49:57.617 [main] INFO  com.imooc.o2o.O2oApplication - Starting O2oApplication on DESKTOP-Q09IML0 with PID 2740 (C:\Users\dell\Desktop\o2o(4)\o2o\target\classes started by dell in C:\Users\dell\Desktop\o2o(4)\o2o)
2018-09-21 21:49:57.686 [main] INFO  com.imooc.o2o.O2oApplication - No active profile set, falling back to default profiles: default
2018-09-21 21:49:57.686 [main] INFO  com.imooc.o2o.O2oApplication - No active profile set, falling back to default profiles: default
2018-09-21 21:50:58.399 [main] INFO  com.imooc.o2o.O2oApplication - Started O2oApplication in 64.963 seconds (JVM running for 76.773)
2018-09-21 21:58:39.300 [http-nio-80-exec-8] INFO  com.imooc.o2o.util.ShortNetAddressUtil - response string: {"status":0,"tinyurl":"http://dwz.cn/Tyykr9dg","longurl":"https://open.weixin.qq.com/connect/oauth2/authorize?appid=wx05229fd90deab240\u0026redirect_uri=http://o2o.nat300.top/o2o/shopadmin/adduserproductmap\u0026response_type=code\u0026scope=snsapi_userinfo\u0026state=%7BaaaproductIdaaa%3A10%2CaaacustomerIdaaa%3A11%2CaaacreateTimeaaa%3A1537538318643%7D#wechat_redirect","err_msg":""}
2018-09-21 21:58:39.328 [http-nio-80-exec-8] INFO  com.imooc.o2o.util.ShortNetAddressUtil - tinyurl: http://dwz.cn/Tyykr9dg
2018-09-21 21:59:17.398 [http-nio-80-exec-8] INFO  com.imooc.o2o.util.ShortNetAddressUtil - response string: {"status":0,"tinyurl":"http://dwz.cn/8g5zX3SX","longurl":"https://open.weixin.qq.com/connect/oauth2/authorize?appid=wx05229fd90deab240\u0026redirect_uri=http://o2o.nat300.top/o2o/shopadmin/adduserproductmap\u0026response_type=code\u0026scope=snsapi_userinfo\u0026state=%7BaaaproductIdaaa%3A11%2CaaacustomerIdaaa%3A15%2CaaacreateTimeaaa%3A1537538356873%7D#wechat_redirect","err_msg":""}
2018-09-21 21:59:17.400 [http-nio-80-exec-8] INFO  com.imooc.o2o.util.ShortNetAddressUtil - tinyurl: http://dwz.cn/8g5zX3SX
2018-09-21 21:59:48.348 [http-nio-80-exec-2] INFO  com.imooc.o2o.util.ShortNetAddressUtil - response string: {"status":0,"tinyurl":"http://dwz.cn/mYETEeMM","longurl":"https://open.weixin.qq.com/connect/oauth2/authorize?appid=wx05229fd90deab240\u0026redirect_uri=http://o2o.nat300.top/o2o/shopadmin/adduserproductmap\u0026response_type=code\u0026scope=snsapi_userinfo\u0026state=%7BaaaproductIdaaa%3A11%2CaaacustomerIdaaa%3A8%2CaaacreateTimeaaa%3A1537538388033%7D#wechat_redirect","err_msg":""}
2018-09-21 21:59:48.349 [http-nio-80-exec-2] INFO  com.imooc.o2o.util.ShortNetAddressUtil - tinyurl: http://dwz.cn/mYETEeMM
2018-09-21 22:01:35.438 [http-nio-80-exec-1] INFO  com.imooc.o2o.util.ShortNetAddressUtil - response string: {"status":0,"tinyurl":"http://dwz.cn/87zPEMWm","longurl":"https://open.weixin.qq.com/connect/oauth2/authorize?appid=wx05229fd90deab240\u0026redirect_uri=http://o2o.nat300.top/o2o/shopadmin/adduserproductmap\u0026response_type=code\u0026scope=snsapi_userinfo\u0026state=%7BaaaproductIdaaa%3A10%2CaaacustomerIdaaa%3A11%2CaaacreateTimeaaa%3A1537538495246%7D#wechat_redirect","err_msg":""}
2018-09-21 22:01:35.438 [http-nio-80-exec-1] INFO  com.imooc.o2o.util.ShortNetAddressUtil - tinyurl: http://dwz.cn/87zPEMWm
2018-09-21 22:26:24.943 [main] INFO  com.imooc.o2o.O2oApplication - Starting O2oApplication on DESKTOP-Q09IML0 with PID 10688 (C:\Users\dell\Desktop\o2o(4)\o2o\target\classes started by dell in C:\Users\dell\Desktop\o2o(4)\o2o)
2018-09-21 22:26:25.014 [main] INFO  com.imooc.o2o.O2oApplication - No active profile set, falling back to default profiles: default
2018-09-21 22:26:51.181 [main] INFO  com.imooc.o2o.O2oApplication - Started O2oApplication in 28.83 seconds (JVM running for 32.814)
2018-09-21 22:45:21.801 [main] INFO  com.imooc.o2o.O2oApplication - Starting O2oApplication on DESKTOP-Q09IML0 with PID 8004 (C:\Users\dell\Desktop\o2o(4)\o2o\target\classes started by dell in C:\Users\dell\Desktop\o2o(4)\o2o)
2018-09-21 22:45:22.001 [main] INFO  com.imooc.o2o.O2oApplication - No active profile set, falling back to default profiles: default
2018-09-21 22:45:50.339 [main] INFO  com.imooc.o2o.O2oApplication - Started O2oApplication in 33.655 seconds (JVM running for 36.819)
2018-09-21 22:53:08.056 [main] INFO  com.imooc.o2o.O2oApplication - Starting O2oApplication on DESKTOP-Q09IML0 with PID 1576 (C:\Users\dell\Desktop\o2o(4)\o2o\target\classes started by dell in C:\Users\dell\Desktop\o2o(4)\o2o)
2018-09-21 22:53:08.705 [main] INFO  com.imooc.o2o.O2oApplication - No active profile set, falling back to default profiles: default
2018-09-21 22:53:25.272 [main] INFO  com.imooc.o2o.O2oApplication - Started O2oApplication in 18.076 seconds (JVM running for 20.458)
